<?xml version="1.0" encoding="UTF-8"?>
<!-- Generated by org.testng.reporters.JUnitReportReporter -->
<testsuite skipped="0" hostname="DESKTOP-H8RTC1S" name="testingworld" tests="1" failures="0" timestamp="2019-08-28T03:10:04 PDT" time="24.236" errors="0">
  <testcase name="Testcase" time="24.236" classname="testingworld"/>
</testsuite> <!-- testingworld -->
