<?xml version="1.0" encoding="UTF-8"?>
<!-- Generated by org.testng.reporters.JUnitReportReporter -->
<testsuite skipped="0" hostname="DESKTOP-H8RTC1S" name="screenshots1" tests="1" failures="0" timestamp="2019-08-28T09:49:32 PDT" time="2.628" errors="0">
  <testcase name="Testcases" time="2.628" classname="screenshots1"/>
</testsuite> <!-- screenshots1 -->
