<?xml version="1.0" encoding="UTF-8"?>
<!-- Generated by org.testng.reporters.JUnitReportReporter -->
<testsuite skipped="0" hostname="DESKTOP-H8RTC1S" name="loginorsignup" tests="1" failures="0" timestamp="2019-08-28T09:19:35 PDT" time="30.788" errors="0">
  <testcase name="Testcases" time="30.788" classname="loginorsignup"/>
</testsuite> <!-- loginorsignup -->
