<?xml version="1.0" encoding="UTF-8"?>
<!-- Generated by org.testng.reporters.JUnitReportReporter -->
<testsuite skipped="0" hostname="DESKTOP-H8RTC1S" name="FB_Annotations" tests="1" failures="0" timestamp="2019-08-28T03:06:29 PDT" time="7.665" errors="0">
  <testcase name="testCase1" time="7.665" classname="FB_Annotations"/>
</testsuite> <!-- FB_Annotations -->
