<?xml version="1.0" encoding="UTF-8"?>
<!-- Generated by org.testng.reporters.JUnitReportReporter -->
<testsuite skipped="0" hostname="DESKTOP-H8RTC1S" name="tooltip" tests="1" failures="0" timestamp="2019-08-29T00:36:29 PDT" time="0.034" errors="0">
  <testcase name="Testcases" time="0.034" classname="tooltip"/>
</testsuite> <!-- tooltip -->
