<?xml version="1.0" encoding="UTF-8"?>
<!-- Generated by org.testng.reporters.JUnitReportReporter -->
<testsuite skipped="0" hostname="DESKTOP-H8RTC1S" name="fb$FB_Annotations" tests="1" failures="0" timestamp="2019-08-29T00:47:22 PDT" time="6.548" errors="0">
  <testcase name="testCase1" time="6.548" classname="fb$FB_Annotations"/>
</testsuite> <!-- fb$FB_Annotations -->
