<?xml version="1.0" encoding="UTF-8"?>
<!-- Generated by org.testng.reporters.JUnitReportReporter -->
<testsuite skipped="0" hostname="DESKTOP-H8RTC1S" name="flipkart" tests="1" failures="0" timestamp="2019-08-28T09:44:56 PDT" time="8.418" errors="0">
  <testcase name="TestCases" time="8.418" classname="flipkart"/>
</testsuite> <!-- flipkart -->
